#
# There is insufficient memory for the Java Runtime Environment to continue.
# Native memory allocation (malloc) failed to allocate 1048576 bytes for AllocateHeap
# Possible reasons:
#   The system is out of physical RAM or swap space
#   In 32 bit mode, the process size limit was hit
# Possible solutions:
#   Reduce memory load on the system
#   Increase physical memory or swap space
#   Check if swap backing store is full
#   Use 64 bit Java on a 64 bit OS
#   Decrease Java heap size (-Xmx/-Xms)
#   Decrease number of Java threads
#   Decrease Java thread stack sizes (-Xss)
#   Set larger code cache with -XX:ReservedCodeCacheSize=
# This output file may be truncated or incomplete.
#
#  Out of Memory Error (memory/allocation.inline.hpp:62), pid=53496, tid=49688
#
# JRE version:  (8.0_25-b18) (build )
# Java VM: Java HotSpot(TM) 64-Bit Server VM (25.25-b02 mixed mode windows-amd64 compressed oops)
# Failed to write core dump. Minidumps are not enabled by default on client versions of Windows
#

---------------  T H R E A D  ---------------

Current thread (0x0000000001ece800):  JavaThread "Unknown thread" [_thread_in_vm, id=49688, stack(0x0000000002130000,0x0000000002230000)]

Stack: [0x0000000002130000,0x0000000002230000]
Native frames: (J=compiled Java code, j=interpreted, Vv=VM code, C=native code)
V  [jvm.dll+0x31667a]


---------------  P R O C E S S  ---------------

Java Threads: ( => current thread )

Other Threads:

=>0x0000000001ece800 (exited) JavaThread "Unknown thread" [_thread_in_vm, id=49688, stack(0x0000000002130000,0x0000000002230000)]

VM state:not at safepoint (normal execution)

VM Mutex/Monitor currently owned by a thread: None

Heap:
 PSYoungGen      total 57344K, used 983K [0x0000000780100000, 0x0000000784100000, 0x00000007c0000000)
  eden space 49152K, 2% used [0x0000000780100000,0x00000007801f5c38,0x0000000783100000)
  from space 8192K, 0% used [0x0000000783900000,0x0000000783900000,0x0000000784100000)
  to   space 8192K, 0% used [0x0000000783100000,0x0000000783100000,0x0000000783900000)
 ParOldGen       total 131072K, used 0K [0x0000000700200000, 0x0000000708200000, 0x0000000780100000)
  object space 131072K, 0% used [0x0000000700200000,0x0000000700200000,0x0000000708200000)
 Metaspace       used 654K, capacity 4480K, committed 4480K, reserved 1056768K
  class space    used 66K, capacity 384K, committed 384K, reserved 1048576K

Card table byte_map: [0x00000000118c0000,0x0000000011ec0000] byte_map_base: 0x000000000e0bf000

Marking Bits: (ParMarkBitMap*) 0x000000005f87d490
 Begin Bits: [0x0000000012f80000, 0x0000000015f78000)
 End Bits:   [0x0000000015f78000, 0x0000000018f70000)

Polling page: 0x0000000000210000

CodeCache: size=245760Kb used=326Kb max_used=326Kb free=245433Kb
 bounds [0x0000000002500000, 0x0000000002770000, 0x0000000011500000]
 total_blobs=55 nmethods=0 adapters=37
 compilation: enabled

Compilation events (0 events):
No events

GC Heap History (0 events):
No events

Deoptimization events (0 events):
No events

Internal exceptions (0 events):
No events

Events (10 events):
Event: 0.032 loading class java/lang/Short
Event: 0.032 loading class java/lang/Short done
Event: 0.032 loading class java/lang/Integer
Event: 0.032 loading class java/lang/Integer done
Event: 0.032 loading class java/lang/Long
Event: 0.033 loading class java/lang/Long done
Event: 0.033 loading class java/lang/NullPointerException
Event: 0.033 loading class java/lang/NullPointerException done
Event: 0.033 loading class java/lang/ArithmeticException
Event: 0.033 loading class java/lang/ArithmeticException done


Dynamic libraries:
0x000000013f870000 - 0x000000013f8a4000 	C:\ProgramData\Oracle\Java\javapath\java.exe
0x0000000076e50000 - 0x0000000076ff9000 	C:\Windows\SYSTEM32\ntdll.dll
0x0000000076c30000 - 0x0000000076d4f000 	C:\Windows\system32\kernel32.dll
0x000007fefce00000 - 0x000007fefce6c000 	C:\Windows\system32\KERNELBASE.dll
0x000007feff080000 - 0x000007feff15b000 	C:\Windows\system32\ADVAPI32.dll
0x000007fefebe0000 - 0x000007fefec7f000 	C:\Windows\system32\msvcrt.dll
0x000007fefec80000 - 0x000007fefec9f000 	C:\Windows\SYSTEM32\sechost.dll
0x000007fefe440000 - 0x000007fefe56d000 	C:\Windows\system32\RPCRT4.dll
0x0000000076d50000 - 0x0000000076e4a000 	C:\Windows\system32\USER32.dll
0x000007fefe960000 - 0x000007fefe9c7000 	C:\Windows\system32\GDI32.dll
0x000007fefe6e0000 - 0x000007fefe6ee000 	C:\Windows\system32\LPK.dll
0x000007fefed70000 - 0x000007fefee39000 	C:\Windows\system32\USP10.dll
0x000007fefb7c0000 - 0x000007fefb9b4000 	C:\Windows\WinSxS\amd64_microsoft.windows.common-controls_6595b64144ccf1df_6.0.7601.17514_none_fa396087175ac9ac\COMCTL32.dll
0x000007fefecc0000 - 0x000007fefed31000 	C:\Windows\system32\SHLWAPI.dll
0x000007fefed40000 - 0x000007fefed6e000 	C:\Windows\system32\IMM32.DLL
0x000007fefd320000 - 0x000007fefd429000 	C:\Windows\system32\MSCTF.dll
0x00000000653b0000 - 0x0000000065482000 	F:\Program Files\Java\jre1.8.0_25\bin\msvcr100.dll
0x000000005f0a0000 - 0x000000005f8fa000 	F:\Program Files\Java\jre1.8.0_25\bin\server\jvm.dll
0x000007fefaf80000 - 0x000007fefaf89000 	C:\Windows\system32\WSOCK32.dll
0x000007fefd020000 - 0x000007fefd06d000 	C:\Windows\system32\WS2_32.dll
0x000007fefe7d0000 - 0x000007fefe7d8000 	C:\Windows\system32\NSI.dll
0x000007fef9840000 - 0x000007fef987b000 	C:\Windows\system32\WINMM.dll
0x0000000077010000 - 0x0000000077017000 	C:\Windows\system32\PSAPI.DLL
0x0000000070790000 - 0x000000007079f000 	F:\Program Files\Java\jre1.8.0_25\bin\verify.dll
0x000000006d520000 - 0x000000006d548000 	F:\Program Files\Java\jre1.8.0_25\bin\java.dll
0x000000006d500000 - 0x000000006d516000 	F:\Program Files\Java\jre1.8.0_25\bin\zip.dll

VM Arguments:
java_command: <unknown>
java_class_path (initial): .;C:\Program Files (x86)\Java\jre6\lib\ext\QTJava.zip
Launcher Type: SUN_STANDARD

Environment Variables:
JAVA_HOME=F:\Program Files\Java\jdk1.8.0_25
CLASSPATH=.;C:\Program Files (x86)\Java\jre6\lib\ext\QTJava.zip
PATH=C:\ProgramData\Oracle\Java\javapath;F:\Program Files (x86)\PHP\v5.4;C:\Windows\system32\inetsrv;F:\Program Files (x86)\iis express\PHP\v5.5;C:\Windows\system32\inetsrv;F:\Program Files (x86)\iis express\PHP\v5.5;C:\Windows\system32\inetsrv;C:\Program Files (x86)\NVIDIA Corporation\PhysX\Common;F:\Program Files\Common Files\Microsoft Shared\Windows Live;F:\Program Files (x86)\Common Files\Microsoft Shared\Windows Live;C:\Windows\system32;C:\Windows;C:\Windows\system32\wbem;C:\Program Files (x86)\PHP;C:\Windows\System32\WindowsPowerShell\v1.0;c:\Program Files (x86)\Common Files\Roxio Shared\DLLShared;c:\Program Files (x86)\Common Files\Roxio Shared\12.0\DLLShared;F:\Program Files\TortoiseSVN\bin;C:\Program Files (x86)\Windows Live\Shared;C:\Program Files (x86)\QuickTime\QTSystem;C:\OpenSSL-Win64\bin;F:\Program Files\Microsoft\Web Platform Installer\;C:\ProgramData\ComposerSetup\bin;F:\Program Files\nodejs\;C:\Users\gcphost\AppData\Roaming\npm;F:\Program Files (x86)\Git\cmd;F:\Program Files (x86)\Git\bin;F:\Program Files (x86)\Git\cmd;F:\Program Files\Microsoft SQL Server\110\Tools\Binn\;C:\Program Files (x86)\Microsoft SDKs\TypeScript\1.0\;C:\Program Files (x86)\Windows Kits\8.1\Windows Performance Toolkit\;C:\Users\gcphost\AppData\Roaming\npm;C:\Users\gcphost\Desktop\adt-bundle-windows-x86_64-20140702\sdk\platform-tools;C:\Users\gcphost\Desktop\adt-bundle-windows-x86_64-20140702\sdk\tools;C:\Users\gcphost\Desktop\adt-bundle-windows-x86_64-20140702\sdk\apache-ant-1.9.4;C:\Users\gcphost\Desktop\adt-bundle-windows-x86_64-20140702\sdk\apache-ant-1.9.4\bin;F:\Program Files\Java\jdk1.8.0_25\bin
USERNAME=gcphost
OS=Windows_NT
PROCESSOR_IDENTIFIER=Intel64 Family 6 Model 26 Stepping 5, GenuineIntel



---------------  S Y S T E M  ---------------

OS: Windows 7 , 64 bit Build 7601 Service Pack 1

CPU:total 8 (4 cores per cpu, 2 threads per core) family 6 model 26 stepping 5, cmov, cx8, fxsr, mmx, sse, sse2, sse3, ssse3, sse4.1, sse4.2, popcnt, ht, tsc, tscinvbit, tscinv

Memory: 4k page, physical 12573792k(4475364k free), swap 12571928k(6044k free)

vm_info: Java HotSpot(TM) 64-Bit Server VM (25.25-b02) for windows-amd64 JRE (1.8.0_25-b18), built on Oct  7 2014 14:25:37 by "java_re" with MS VC++ 10.0 (VS2010)

time: Tue Nov 25 08:50:13 2014
elapsed time: 0 seconds (0d 0h 0m 0s)

